  Ball.cpp
C:\Users\krrri\source\repos\Pong2\Pong2\Ball.cpp(8,27): warning C4244: 'argument': conversion from 'int' to 'float', possible loss of data
C:\Users\krrri\source\repos\Pong2\Pong2\Ball.cpp(8,20): warning C4244: 'argument': conversion from 'float' to 'int', possible loss of data
C:\Users\krrri\source\repos\Pong2\Pong2\Ball.cpp(8,13): warning C4244: 'argument': conversion from 'float' to 'int', possible loss of data
C:\Users\krrri\source\repos\Pong2\Pong2\Ball.cpp(26,27): warning C4244: '=': conversion from 'int' to 'float', possible loss of data
C:\Users\krrri\source\repos\Pong2\Pong2\Ball.cpp(27,28): warning C4244: '=': conversion from 'int' to 'float', possible loss of data
  Game.cpp
C:\Users\krrri\source\repos\Pong2\Pong2\Game.cpp(12,42): warning C4244: 'argument': conversion from 'int' to 'float', possible loss of data
C:\Users\krrri\source\repos\Pong2\Pong2\Game.cpp(12,24): warning C4244: 'argument': conversion from 'int' to 'float', possible loss of data
C:\Users\krrri\source\repos\Pong2\Pong2\Game.cpp(13,52): warning C4244: 'argument': conversion from 'int' to 'float', possible loss of data
C:\Users\krrri\source\repos\Pong2\Pong2\Game.cpp(14,67): warning C4244: 'argument': conversion from 'int' to 'float', possible loss of data
C:\Users\krrri\source\repos\Pong2\Pong2\Game.cpp(14,40): warning C4244: 'argument': conversion from 'int' to 'float', possible loss of data
  Generating code
  1 of 46 functions ( 2.2%) were compiled, the rest were copied from previous compilation.
    0 functions were new in current compilation
    4 functions had inline decision re-evaluated but remain unchanged
  Finished generating code
  Pong2.vcxproj -> C:\Users\krrri\source\repos\Pong2\x64\Release\Pong2.exe
  'pwsh.exe' is not recognized as an internal or external command,
  operable program or batch file.
